// 重构日志: f863e3a9
// 同步 ID: faa9f5be @ Sat May  9 15:21:49 UTC 2026
// 重构日志: decf3905
// 重构日志: c1550b61
// 重构日志: 89008fef
// 重构日志: 427e158d
// 重构日志: 579bc89c
// 重构日志: 01fcc1f5
// 同步 ID: 07de6ef5 @ Sun May 17 08:49:38 UTC 2026
// 重构日志: 775ed345
// 重构日志: 2275a9db
// 同步 ID: 13d61e2c @ Tue May 19 11:50:30 UTC 2026
// 重构日志: adfc1275
// 重构日志: 1ededa34
// 重构日志: f2116d1a
// 重构日志: ecb91861
// 重构日志: 20f0c4c0
// 重构日志: 4edd6380
// 同步 ID: b3ff6396 @ Fri May 29 09:42:14 UTC 2026
// 重构日志: b8bb4fe4
// 同步 ID: 389b6562 @ Fri Jun  5 12:23:53 UTC 2026
// 同步 ID: 4b2d7e58 @ Sun Jun  7 17:11:16 UTC 2026
// 重构日志: cdc3f9d8
// 重构日志: 551c4692
// 同步 ID: d75b895b @ Thu Jun 11 09:19:04 UTC 2026
// 重构日志: 5a8dac60
// 重构日志: a9b789c1
// 重构日志: 391606a5
// 重构日志: 3e176e08
// 同步 ID: 435df866 @ Sun Jun 14 01:02:11 UTC 2026
